[04-Feb-2025 19:15:39 UTC] Am I working yet?
[04-Feb-2025 19:16:17 UTC] PHP Warning:  Undefined array key "username" in D:\Selathia2\index.php on line 65
[04-Feb-2025 19:16:17 UTC] Am I working yet? 
[04-Feb-2025 19:18:13 UTC] Am I working yet? Demdaru
[04-Feb-2025 19:18:13 UTC] Demdaru Mave
[04-Feb-2025 19:18:13 UTC] Failed login attempt! Nickname: Demdaru
[04-Feb-2025 19:20:23 UTC] Failed login attempt! Nickname: Demdaru
[04-Feb-2025 19:20:33 UTC] Failed login attempt! Nickname: Demdaru
[04-Feb-2025 19:20:43 UTC] Failed login attempt! Nickname: Demdaru
[04-Feb-2025 19:21:05 UTC] Failed login attempt! Nickname: Demdaru
[04-Feb-2025 19:22:03 UTC] Failed login attempt! Nickname: Demdaru
[04-Feb-2025 19:22:33 UTC] Failed to load requested user! Nickname: 
[04-Feb-2025 19:23:28 UTC] Failed login attempt! Nickname: Demdaru
[04-Feb-2025 19:25:18 UTC] Failed login attempt! Nickname: Demdaru
[04-Feb-2025 19:25:53 UTC] Failed login attempt! Nickname: Demdaru
[04-Feb-2025 19:27:09 UTC] Failed login attempt! Nickname: Demdaru
[04-Feb-2025 19:27:43 UTC] Failed login attempt! Nickname: Demdaru
[04-Feb-2025 19:27:57 UTC] Failed login attempt! Nickname: Demdaru
[04-Feb-2025 19:28:25 UTC] Failed login attempt! Nickname: Demdaru
[04-Feb-2025 19:29:29 UTC] Failed login attempt! Nickname: Demdaru
[04-Feb-2025 19:29:40 UTC] Failed login attempt! Nickname: Demdaru
[04-Feb-2025 19:37:36 UTC] Failed login attempt! Nickname: Demdaru
[04-Feb-2025 19:38:25 UTC] Failed login attempt! Nickname: Demdaru
[04-Feb-2025 19:40:32 UTC] Failed login attempt! Nickname: Demdaru
[04-Feb-2025 19:41:09 UTC] Failed login attempt! Nickname: Demdaru
